

*******************************************************************************
Sat Jul 21 06:46:45 2018


FIT:    data read from "data.dat" using 2:5
        format = x:z
        #datapoints = 55
        residuals are weighted equally (unit weight)

function used for fitting: f(x)
	f(x) = mean_y
fitted parameters initialized with current variable values

iter      chisq       delta/lim  lambda   mean_y       
   0 1.0769299760e+09   0.00e+00  1.00e+00    1.000000e+00
   3 5.7346673527e+07  -1.87e-05  1.00e-03    4.306564e+03

After 3 iterations the fit converged.
final sum of squares of residuals : 5.73467e+07
rel. change during last iteration : -1.87351e-10

degrees of freedom    (FIT_NDF)                        : 54
rms of residuals      (FIT_STDFIT) = sqrt(WSSR/ndf)    : 1030.52
variance of residuals (reduced chisquare) = WSSR/ndf   : 1.06198e+06

Final set of parameters            Asymptotic Standard Error
=======================            ==========================
mean_y          = 4306.56          +/- 139          (3.227%)
