

*******************************************************************************
Sat Jul 21 06:43:08 2018


FIT:    data read from "data.dat" using 2:5
        format = x:z
        #datapoints = 56
        residuals are weighted equally (unit weight)

function used for fitting: f(x)
	f(x) = mean_y
fitted parameters initialized with current variable values

iter      chisq       delta/lim  lambda   mean_y       
   0 2.8057631200e+08   0.00e+00  1.00e+00    1.000000e+00
   3 1.9458208857e+07  -1.32e-05  1.00e-03    2.160357e+03

After 3 iterations the fit converged.
final sum of squares of residuals : 1.94582e+07
rel. change during last iteration : -1.3166e-10

degrees of freedom    (FIT_NDF)                        : 55
rms of residuals      (FIT_STDFIT) = sqrt(WSSR/ndf)    : 594.799
variance of residuals (reduced chisquare) = WSSR/ndf   : 353786

Final set of parameters            Asymptotic Standard Error
=======================            ==========================
mean_y          = 2160.36          +/- 79.48        (3.679%)
